d:\stepen1\степень\kei-2020\eka-2017\debug\kei-2020.pch
d:\stepen1\степень\kei-2020\eka-2017\debug\vc142.pdb
d:\stepen1\степень\kei-2020\eka-2017\debug\vc142.idb
d:\stepen1\степень\kei-2020\eka-2017\debug\stdafx.obj
d:\stepen1\степень\kei-2020\eka-2017\debug\pn.obj
d:\stepen1\степень\kei-2020\eka-2017\debug\parm.obj
d:\stepen1\степень\kei-2020\eka-2017\debug\mfst.obj
d:\stepen1\степень\kei-2020\eka-2017\debug\lt.obj
d:\stepen1\степень\kei-2020\eka-2017\debug\log.obj
d:\stepen1\степень\kei-2020\eka-2017\debug\lexanalize.obj
d:\stepen1\степень\kei-2020\eka-2017\debug\it.obj
d:\stepen1\степень\kei-2020\eka-2017\debug\in.obj
d:\stepen1\степень\kei-2020\eka-2017\debug\grb.obj
d:\stepen1\степень\kei-2020\eka-2017\debug\generation.obj
d:\stepen1\степень\kei-2020\eka-2017\debug\fst.obj
d:\stepen1\степень\kei-2020\eka-2017\debug\error.obj
d:\stepen1\степень\kei-2020\eka-2017\debug\eka-2017.obj
d:\stepen1\степень\kei-2020\debug\kei-2020.ilk
d:\stepen1\степень\kei-2020\debug\kei-2020.exe
d:\stepen1\степень\kei-2020\debug\kei-2020.pdb
d:\stepen1\степень\kei-2020\eka-2017\debug\kei-2020.tlog\cl.command.1.tlog
d:\stepen1\степень\kei-2020\eka-2017\debug\kei-2020.tlog\cl.read.1.tlog
d:\stepen1\степень\kei-2020\eka-2017\debug\kei-2020.tlog\cl.write.1.tlog
d:\stepen1\степень\kei-2020\eka-2017\debug\kei-2020.tlog\link.command.1.tlog
d:\stepen1\степень\kei-2020\eka-2017\debug\kei-2020.tlog\link.read.1.tlog
d:\stepen1\степень\kei-2020\eka-2017\debug\kei-2020.tlog\link.write.1.tlog
